
SQL*Loader: Release 19.0.0.0.0 - Production on Tue Jan 10 16:23:48 2023
Version 19.3.0.0.0

Copyright (c) 1982, 2019, Oracle and/or its affiliates.  All rights reserved.

Control File:   control.ctl
Data File:      D:\repos\DB_3_1\db_18\import_data.txt
  Bad File:     import_data.bad
  Discard File: D:\repos\DB_3_1\db_18\import_data.dis 
 (Allow all discards)

Number to load: ALL
Number to skip: 0
Errors allowed: 50
Bind array:     250 rows, maximum of 1048576 bytes
Continuation:    none specified
Path used:      Conventional

Table LAB18_TABLE, loaded from every logical record.
Insert option in effect for this table: INSERT

   Column Name                  Position   Len  Term Encl Datatype
------------------------------ ---------- ----- ---- ---- ---------------------
ID                                  FIRST     *   ,       CHARACTER            
    SQL string for column : "round(:id, 2)"
TEXT                                 NEXT     *   ,       CHARACTER            
    SQL string for column : "upper(:text)"
DATE_VALUE                           NEXT     *   ,       DATE DD.MM.YYYY      

Record 10: Rejected - Error on table LAB18_TABLE.
ORA-00001: unique constraint (GAE_1.SYS_C007431) violated


Table LAB18_TABLE:
  19 Rows successfully loaded.
  1 Row not loaded due to data errors.
  0 Rows not loaded because all WHEN clauses were failed.
  0 Rows not loaded because all fields were null.


Space allocated for bind array:                 193500 bytes(250 rows)
Read   buffer bytes: 1048576

Total logical records skipped:          0
Total logical records read:            20
Total logical records rejected:         1
Total logical records discarded:        0

Run began on Tue Jan 10 16:23:48 2023
Run ended on Tue Jan 10 16:23:48 2023

Elapsed time was:     00:00:00.17
CPU time was:         00:00:00.14
